<?xml version="1.0" encoding="UTF-8"?>
<!-- Generated by org.testng.reporters.JUnitReportReporter -->
<testsuite hostname="DESKTOP-ARGQRMQ" failures="0" tests="1" name="VTIGER.DDT.Campaign.CreateCampaignAddProductInCampaignTest" time="108.103" errors="0" timestamp="2025-03-14T07:22:48 IST" skipped="0">
  <testcase classname="VTIGER.DDT.Campaign.CreateCampaignAddProductInCampaignTest" name="createCampaignAddProductInCampaign" time="108.103"/>
</testsuite> <!-- VTIGER.DDT.Campaign.CreateCampaignAddProductInCampaignTest -->
