<?xml version="1.0" encoding="UTF-8"?>
<!-- Generated by org.testng.reporters.JUnitReportReporter -->
<testsuite hostname="DESKTOP-ARGQRMQ" failures="0" tests="1" name="VTIGER.DDT.Organization.CreateOrganizationTest" time="19.160" errors="0" timestamp="2025-03-14T07:22:48 IST" skipped="0">
  <testcase classname="VTIGER.DDT.Organization.CreateOrganizationTest" name="createOrganization" time="19.160"/>
</testsuite> <!-- VTIGER.DDT.Organization.CreateOrganizationTest -->
