<?xml version="1.0" encoding="UTF-8"?>
<!-- Generated by org.testng.reporters.JUnitReportReporter -->
<testsuite hostname="DESKTOP-ARGQRMQ" failures="0" tests="1" name="VTIGER.DDT.Product.CreateProductTest" time="16.827" errors="0" timestamp="2025-03-14T07:22:48 IST" skipped="0">
  <testcase classname="VTIGER.DDT.Product.CreateProductTest" name="createProduct" time="16.827"/>
</testsuite> <!-- VTIGER.DDT.Product.CreateProductTest -->
